<?xml version="1.0" encoding="UTF-8"?>
<!-- Generated by org.testng.reporters.JUnitReportReporter -->
<testsuite hostname="LAPTOP-FBCFMIFP" failures="0" tests="1" name="automationTest.VehiclesTest" time="0.253" errors="0" timestamp="2020-06-08T10:55:51 EDT" skipped="0">
  <testcase classname="automationTest.VehiclesTest" name="vTab" time="0.253"/>
  <system-out/>
</testsuite> <!-- automationTest.VehiclesTest -->
