<?xml version="1.0" encoding="UTF-8"?>
<!-- Generated by org.testng.reporters.JUnitReportReporter -->
<testsuite hostname="LAPTOP-FBCFMIFP" failures="0" tests="1" name="automationTest.HomePageTest" time="0.329" errors="0" timestamp="2020-06-09T11:56:37 EDT" skipped="0">
  <testcase classname="automationTest.HomePageTest" name="homePageNaviagation" time="0.329"/>
  <system-out/>
</testsuite> <!-- automationTest.HomePageTest -->
