<?xml version="1.0" encoding="UTF-8"?>
<!-- Generated by org.testng.reporters.JUnitReportReporter -->
<testsuite hostname="LAPTOP-FBCFMIFP" failures="0" tests="1" name="automationTest.CarsTest" time="1.221" errors="0" timestamp="2020-06-08T11:16:26 EDT" skipped="0">
  <testcase classname="automationTest.CarsTest" name="vTab" time="1.221"/>
  <system-out/>
</testsuite> <!-- automationTest.CarsTest -->
